<?xml version="1.0" encoding="UTF-8"?>
<testsuite name="com.swany.api.springboot.web.IndexControllerTest" tests="1" skipped="0" failures="0" errors="0" timestamp="2020-05-16T14:16:43" hostname="DESKTOP-59IA8D8" time="0.336">
  <properties/>
  <testcase name="메인페이지_로딩" classname="com.swany.api.springboot.web.IndexControllerTest" time="0.336"/>
  <system-out><![CDATA[2020-05-16 23:16:35.170  INFO 16248 --- [    Test worker] .b.t.c.SpringBootTestContextBootstrapper : Neither @ContextConfiguration nor @ContextHierarchy found for test class [com.swany.api.springboot.web.IndexControllerTest], using SpringBootContextLoader
2020-05-16 23:16:35.172  INFO 16248 --- [    Test worker] o.s.t.c.support.AbstractContextLoader    : Could not detect default resource locations for test class [com.swany.api.springboot.web.IndexControllerTest]: no resource found for suffixes {-context.xml, Context.groovy}.
2020-05-16 23:16:35.172  INFO 16248 --- [    Test worker] t.c.s.AnnotationConfigContextLoaderUtils : Could not detect default configuration classes for test class [com.swany.api.springboot.web.IndexControllerTest]: IndexControllerTest does not declare any static, non-private, non-final, nested classes annotated with @Configuration.
2020-05-16 23:16:35.175  INFO 16248 --- [    Test worker] .b.t.c.SpringBootTestContextBootstrapper : Found @SpringBootConfiguration com.swany.api.springboot.Application for test class com.swany.api.springboot.web.IndexControllerTest
2020-05-16 23:16:35.182  INFO 16248 --- [    Test worker] .b.t.c.SpringBootTestContextBootstrapper : Loaded default TestExecutionListener class names from location [META-INF/spring.factories]: [org.springframework.security.test.context.support.WithSecurityContextTestExecutionListener, org.springframework.security.test.context.support.ReactorContextTestExecutionListener, org.springframework.boot.test.autoconfigure.restdocs.RestDocsTestExecutionListener, org.springframework.boot.test.autoconfigure.web.client.MockRestServiceServerResetTestExecutionListener, org.springframework.boot.test.autoconfigure.web.servlet.MockMvcPrintOnlyOnFailureTestExecutionListener, org.springframework.boot.test.autoconfigure.web.servlet.WebDriverTestExecutionListener, org.springframework.boot.test.mock.mockito.MockitoTestExecutionListener, org.springframework.boot.test.mock.mockito.ResetMocksTestExecutionListener, org.springframework.test.context.web.ServletTestExecutionListener, org.springframework.test.context.support.DirtiesContextBeforeModesTestExecutionListener, org.springframework.test.context.support.DependencyInjectionTestExecutionListener, org.springframework.test.context.support.DirtiesContextTestExecutionListener, org.springframework.test.context.transaction.TransactionalTestExecutionListener, org.springframework.test.context.jdbc.SqlScriptsTestExecutionListener]
2020-05-16 23:16:35.202  INFO 16248 --- [    Test worker] .b.t.c.SpringBootTestContextBootstrapper : Using TestExecutionListeners: [org.springframework.test.context.web.ServletTestExecutionListener@1c7c6f2f, org.springframework.test.context.support.DirtiesContextBeforeModesTestExecutionListener@41f51743, org.springframework.boot.test.mock.mockito.MockitoTestExecutionListener@69e7d7fb, org.springframework.boot.test.autoconfigure.SpringBootDependencyInjectionTestExecutionListener@66a5d5ad, org.springframework.test.context.support.DirtiesContextTestExecutionListener@195fcb41, org.springframework.test.context.transaction.TransactionalTestExecutionListener@70f99826, org.springframework.test.context.jdbc.SqlScriptsTestExecutionListener@27f6c1cd, org.springframework.security.test.context.support.WithSecurityContextTestExecutionListener@6fb67023, org.springframework.security.test.context.support.ReactorContextTestExecutionListener@8d4bb57, org.springframework.boot.test.autoconfigure.restdocs.RestDocsTestExecutionListener@34502ac3, org.springframework.boot.test.autoconfigure.web.client.MockRestServiceServerResetTestExecutionListener@25396d2d, org.springframework.boot.test.autoconfigure.web.servlet.MockMvcPrintOnlyOnFailureTestExecutionListener@79d236c1, org.springframework.boot.test.autoconfigure.web.servlet.WebDriverTestExecutionListener@547124af, org.springframework.boot.test.mock.mockito.ResetMocksTestExecutionListener@61421ad0]

  .   ____          _            __ _ _
 /\\ / ___'_ __ _ _(_)_ __  __ _ \ \ \ \
( ( )\___ | '_ | '_| | '_ \/ _` | \ \ \ \
 \\/  ___)| |_)| | | | | || (_| |  ) ) ) )
  '  |____| .__|_| |_|_| |_\__, | / / / /
 =========|_|==============|___/=/_/_/_/
 :: Spring Boot ::        (v2.1.7.RELEASE)

2020-05-16 23:16:35.399  INFO 16248 --- [    Test worker] c.s.a.s.web.IndexControllerTest          : Starting IndexControllerTest on DESKTOP-59IA8D8 with PID 16248 (started by Jeon_Jeong_Chan in C:\Users\Jeon_Jeong_Chan\IdeaProjects\com.swany.api)
2020-05-16 23:16:35.404  INFO 16248 --- [    Test worker] c.s.a.s.web.IndexControllerTest          : No active profile set, falling back to default profiles: default
2020-05-16 23:16:36.579  INFO 16248 --- [    Test worker] .s.d.r.c.RepositoryConfigurationDelegate : Bootstrapping Spring Data repositories in DEFAULT mode.
2020-05-16 23:16:36.661  INFO 16248 --- [    Test worker] .s.d.r.c.RepositoryConfigurationDelegate : Finished Spring Data repository scanning in 70ms. Found 2 repository interfaces.
2020-05-16 23:16:36.946  INFO 16248 --- [    Test worker] trationDelegate$BeanPostProcessorChecker : Bean 'org.springframework.transaction.annotation.ProxyTransactionManagementConfiguration' of type [org.springframework.transaction.annotation.ProxyTransactionManagementConfiguration$$EnhancerBySpringCGLIB$$18dd8878] is not eligible for getting processed by all BeanPostProcessors (for example: not eligible for auto-proxying)
2020-05-16 23:16:37.726  INFO 16248 --- [    Test worker] o.s.b.w.embedded.tomcat.TomcatWebServer  : Tomcat initialized with port(s): 0 (http)
2020-05-16 23:16:37.821  INFO 16248 --- [    Test worker] o.apache.catalina.core.StandardService   : Starting service [Tomcat]
2020-05-16 23:16:37.822  INFO 16248 --- [    Test worker] org.apache.catalina.core.StandardEngine  : Starting Servlet engine: [Apache Tomcat/9.0.22]
2020-05-16 23:16:39.007  INFO 16248 --- [    Test worker] o.a.c.c.C.[Tomcat].[localhost].[/]       : Initializing Spring embedded WebApplicationContext
2020-05-16 23:16:39.008  INFO 16248 --- [    Test worker] o.s.web.context.ContextLoader            : Root WebApplicationContext: initialization completed in 3584 ms
2020-05-16 23:16:39.508  INFO 16248 --- [    Test worker] com.zaxxer.hikari.HikariDataSource       : HikariPool-2 - Starting...
2020-05-16 23:16:39.526  INFO 16248 --- [    Test worker] com.zaxxer.hikari.HikariDataSource       : HikariPool-2 - Start completed.
2020-05-16 23:16:39.620  INFO 16248 --- [    Test worker] o.hibernate.jpa.internal.util.LogHelper  : HHH000204: Processing PersistenceUnitInfo [
	name: default
	...]
2020-05-16 23:16:39.640  INFO 16248 --- [    Test worker] org.hibernate.dialect.Dialect            : HHH000400: Using dialect: org.hibernate.dialect.MySQL5InnoDBDialect
Hibernate: drop table if exists posts
Hibernate: drop table if exists user
Hibernate: create table posts (id bigint not null auto_increment, created_date datetime, modified_date datetime, author varchar(255), content TEXT not null, title varchar(500) not null, primary key (id)) engine=InnoDB
Hibernate: create table user (id bigint not null auto_increment, created_date datetime, modified_date datetime, email varchar(255) not null, name varchar(255) not null, picture varchar(255), role varchar(255) not null, primary key (id)) engine=InnoDB
2020-05-16 23:16:39.850  INFO 16248 --- [    Test worker] o.h.t.schema.internal.SchemaCreatorImpl  : HHH000476: Executing import script 'org.hibernate.tool.schema.internal.exec.ScriptSourceInputNonExistentImpl@17081386'
2020-05-16 23:16:39.853  INFO 16248 --- [    Test worker] j.LocalContainerEntityManagerFactoryBean : Initialized JPA EntityManagerFactory for persistence unit 'default'
2020-05-16 23:16:41.303  INFO 16248 --- [    Test worker] o.h.h.i.QueryTranslatorFactoryInitiator  : HHH000397: Using ASTQueryTranslatorFactory
2020-05-16 23:16:41.573  INFO 16248 --- [    Test worker] o.s.s.web.DefaultSecurityFilterChain     : Creating filter chain: any request, [org.springframework.security.web.context.request.async.WebAsyncManagerIntegrationFilter@4892eb4c, org.springframework.security.web.context.SecurityContextPersistenceFilter@20aa2613, org.springframework.security.web.header.HeaderWriterFilter@6b29b77, org.springframework.security.web.authentication.logout.LogoutFilter@152203ad, org.springframework.security.oauth2.client.web.OAuth2AuthorizationRequestRedirectFilter@67f05987, org.springframework.security.oauth2.client.web.OAuth2LoginAuthenticationFilter@6a93e8a7, org.springframework.security.web.authentication.ui.DefaultLoginPageGeneratingFilter@64492b89, org.springframework.security.web.authentication.ui.DefaultLogoutPageGeneratingFilter@3e0c5c78, org.springframework.security.web.savedrequest.RequestCacheAwareFilter@3ff34fa6, org.springframework.security.web.servletapi.SecurityContextHolderAwareRequestFilter@2d08120c, org.springframework.security.web.authentication.AnonymousAuthenticationFilter@5bd5165f, org.springframework.security.web.session.SessionManagementFilter@ca8b410, org.springframework.security.web.access.ExceptionTranslationFilter@485ae39b, org.springframework.security.web.access.intercept.FilterSecurityInterceptor@cdf56f0]
2020-05-16 23:16:42.541  INFO 16248 --- [    Test worker] o.s.s.concurrent.ThreadPoolTaskExecutor  : Initializing ExecutorService 'applicationTaskExecutor'
2020-05-16 23:16:42.577  WARN 16248 --- [    Test worker] aWebConfiguration$JpaWebMvcConfiguration : spring.jpa.open-in-view is enabled by default. Therefore, database queries may be performed during view rendering. Explicitly configure spring.jpa.open-in-view to disable this warning
2020-05-16 23:16:42.647  INFO 16248 --- [    Test worker] o.s.b.a.w.s.WelcomePageHandlerMapping    : Adding welcome page template: index
2020-05-16 23:16:43.712  INFO 16248 --- [    Test worker] s.a.ScheduledAnnotationBeanPostProcessor : No TaskScheduler/ScheduledExecutorService bean found for scheduled processing
2020-05-16 23:16:43.754  INFO 16248 --- [    Test worker] o.s.b.w.embedded.tomcat.TomcatWebServer  : Tomcat started on port(s): 51512 (http) with context path ''
2020-05-16 23:16:43.757  INFO 16248 --- [    Test worker] c.s.a.s.web.IndexControllerTest          : Started IndexControllerTest in 8.545 seconds (JVM running for 30.832)
2020-05-16 23:16:43.927  INFO 16248 --- [o-auto-1-exec-1] o.a.c.c.C.[Tomcat].[localhost].[/]       : Initializing Spring DispatcherServlet 'dispatcherServlet'
2020-05-16 23:16:43.927  INFO 16248 --- [o-auto-1-exec-1] o.s.web.servlet.DispatcherServlet        : Initializing Servlet 'dispatcherServlet'
2020-05-16 23:16:43.957  INFO 16248 --- [o-auto-1-exec-1] o.s.web.servlet.DispatcherServlet        : Completed initialization in 30 ms
Hibernate: select posts0_.id as id1_0_, posts0_.created_date as created_2_0_, posts0_.modified_date as modified3_0_, posts0_.author as author4_0_, posts0_.content as content5_0_, posts0_.title as title6_0_ from posts posts0_ order by posts0_.id DESC
]]></system-out>
  <system-err><![CDATA[]]></system-err>
</testsuite>
