<?xml version="1.0" encoding="UTF-8"?>
<testsuite name="com.swany.api.springboot.web.HelloControllerTest" tests="2" skipped="0" failures="0" errors="0" timestamp="2020-05-16T14:16:34" hostname="DESKTOP-59IA8D8" time="0.504">
  <properties/>
  <testcase name="hello가_리턴된다" classname="com.swany.api.springboot.web.HelloControllerTest" time="0.333"/>
  <testcase name="helloDto가_리턴된다" classname="com.swany.api.springboot.web.HelloControllerTest" time="0.171"/>
  <system-out><![CDATA[2020-05-16 23:16:31.025  INFO 16248 --- [    Test worker] .b.t.a.w.s.WebMvcTestContextBootstrapper : Neither @ContextConfiguration nor @ContextHierarchy found for test class [com.swany.api.springboot.web.HelloControllerTest], using SpringBootContextLoader
2020-05-16 23:16:31.026  INFO 16248 --- [    Test worker] o.s.t.c.support.AbstractContextLoader    : Could not detect default resource locations for test class [com.swany.api.springboot.web.HelloControllerTest]: no resource found for suffixes {-context.xml, Context.groovy}.
2020-05-16 23:16:31.027  INFO 16248 --- [    Test worker] t.c.s.AnnotationConfigContextLoaderUtils : Could not detect default configuration classes for test class [com.swany.api.springboot.web.HelloControllerTest]: HelloControllerTest does not declare any static, non-private, non-final, nested classes annotated with @Configuration.
2020-05-16 23:16:31.071  INFO 16248 --- [    Test worker] .b.t.c.SpringBootTestContextBootstrapper : Found @SpringBootConfiguration com.swany.api.springboot.Application for test class com.swany.api.springboot.web.HelloControllerTest
2020-05-16 23:16:31.072  INFO 16248 --- [    Test worker] .b.t.a.w.s.WebMvcTestContextBootstrapper : Loaded default TestExecutionListener class names from location [META-INF/spring.factories]: [org.springframework.security.test.context.support.WithSecurityContextTestExecutionListener, org.springframework.security.test.context.support.ReactorContextTestExecutionListener, org.springframework.boot.test.autoconfigure.restdocs.RestDocsTestExecutionListener, org.springframework.boot.test.autoconfigure.web.client.MockRestServiceServerResetTestExecutionListener, org.springframework.boot.test.autoconfigure.web.servlet.MockMvcPrintOnlyOnFailureTestExecutionListener, org.springframework.boot.test.autoconfigure.web.servlet.WebDriverTestExecutionListener, org.springframework.boot.test.mock.mockito.MockitoTestExecutionListener, org.springframework.boot.test.mock.mockito.ResetMocksTestExecutionListener, org.springframework.test.context.web.ServletTestExecutionListener, org.springframework.test.context.support.DirtiesContextBeforeModesTestExecutionListener, org.springframework.test.context.support.DependencyInjectionTestExecutionListener, org.springframework.test.context.support.DirtiesContextTestExecutionListener, org.springframework.test.context.transaction.TransactionalTestExecutionListener, org.springframework.test.context.jdbc.SqlScriptsTestExecutionListener]
2020-05-16 23:16:31.077  INFO 16248 --- [    Test worker] .b.t.a.w.s.WebMvcTestContextBootstrapper : Using TestExecutionListeners: [org.springframework.test.context.web.ServletTestExecutionListener@39b6acdc, org.springframework.test.context.support.DirtiesContextBeforeModesTestExecutionListener@2225271f, org.springframework.boot.test.mock.mockito.MockitoTestExecutionListener@54aa62c6, org.springframework.boot.test.autoconfigure.SpringBootDependencyInjectionTestExecutionListener@8f6831e, org.springframework.test.context.support.DirtiesContextTestExecutionListener@4aa1e90, org.springframework.test.context.transaction.TransactionalTestExecutionListener@f3cccc5, org.springframework.test.context.jdbc.SqlScriptsTestExecutionListener@88723b6, org.springframework.security.test.context.support.WithSecurityContextTestExecutionListener@34d5bfcb, org.springframework.security.test.context.support.ReactorContextTestExecutionListener@605f695f, org.springframework.boot.test.autoconfigure.restdocs.RestDocsTestExecutionListener@9ecdb75, org.springframework.boot.test.autoconfigure.web.client.MockRestServiceServerResetTestExecutionListener@3847c36d, org.springframework.boot.test.autoconfigure.web.servlet.MockMvcPrintOnlyOnFailureTestExecutionListener@21751849, org.springframework.boot.test.autoconfigure.web.servlet.WebDriverTestExecutionListener@3afb88a9, org.springframework.boot.test.mock.mockito.ResetMocksTestExecutionListener@5523cbf0]

  .   ____          _            __ _ _
 /\\ / ___'_ __ _ _(_)_ __  __ _ \ \ \ \
( ( )\___ | '_ | '_| | '_ \/ _` | \ \ \ \
 \\/  ___)| |_)| | | | | || (_| |  ) ) ) )
  '  |____| .__|_| |_|_| |_\__, | / / / /
 =========|_|==============|___/=/_/_/_/
 :: Spring Boot ::        (v2.1.7.RELEASE)

2020-05-16 23:16:31.195  INFO 16248 --- [    Test worker] c.s.a.s.web.HelloControllerTest          : Starting HelloControllerTest on DESKTOP-59IA8D8 with PID 16248 (started by Jeon_Jeong_Chan in C:\Users\Jeon_Jeong_Chan\IdeaProjects\com.swany.api)
2020-05-16 23:16:31.197  INFO 16248 --- [    Test worker] c.s.a.s.web.HelloControllerTest          : No active profile set, falling back to default profiles: default
2020-05-16 23:16:33.219  INFO 16248 --- [    Test worker] o.s.s.concurrent.ThreadPoolTaskExecutor  : Initializing ExecutorService 'applicationTaskExecutor'
2020-05-16 23:16:33.285  INFO 16248 --- [    Test worker] o.s.b.a.w.s.WelcomePageHandlerMapping    : Adding welcome page template: index
2020-05-16 23:16:33.803  INFO 16248 --- [    Test worker] .s.s.UserDetailsServiceAutoConfiguration : 

Using generated security password: 2b06eb24-3505-4079-b8bf-821644b7ed41

2020-05-16 23:16:34.189  INFO 16248 --- [    Test worker] o.s.s.web.DefaultSecurityFilterChain     : Creating filter chain: any request, [org.springframework.security.web.context.request.async.WebAsyncManagerIntegrationFilter@5ceefa58, org.springframework.security.web.context.SecurityContextPersistenceFilter@4f95ea1f, org.springframework.security.web.header.HeaderWriterFilter@1f7c2269, org.springframework.security.web.csrf.CsrfFilter@54c976d0, org.springframework.security.web.authentication.logout.LogoutFilter@33d93982, org.springframework.security.web.authentication.UsernamePasswordAuthenticationFilter@36a62cfb, org.springframework.security.web.authentication.ui.DefaultLoginPageGeneratingFilter@250d403b, org.springframework.security.web.authentication.ui.DefaultLogoutPageGeneratingFilter@1ea69d31, org.springframework.security.web.authentication.www.BasicAuthenticationFilter@32f8d52a, org.springframework.security.web.savedrequest.RequestCacheAwareFilter@3ea0abe2, org.springframework.security.web.servletapi.SecurityContextHolderAwareRequestFilter@40b1a935, org.springframework.security.web.authentication.AnonymousAuthenticationFilter@6a034a4a, org.springframework.security.web.session.SessionManagementFilter@9cb8a0, org.springframework.security.web.access.ExceptionTranslationFilter@51e41403, org.springframework.security.web.access.intercept.FilterSecurityInterceptor@1fcf8433]
2020-05-16 23:16:34.276  INFO 16248 --- [    Test worker] o.s.b.t.m.w.SpringBootMockServletContext : Initializing Spring TestDispatcherServlet ''
2020-05-16 23:16:34.276  INFO 16248 --- [    Test worker] o.s.t.web.servlet.TestDispatcherServlet  : Initializing Servlet ''
2020-05-16 23:16:34.325  INFO 16248 --- [    Test worker] o.s.t.web.servlet.TestDispatcherServlet  : Completed initialization in 49 ms
2020-05-16 23:16:34.632  INFO 16248 --- [    Test worker] c.s.a.s.web.HelloControllerTest          : Started HelloControllerTest in 3.546 seconds (JVM running for 21.706)
]]></system-out>
  <system-err><![CDATA[]]></system-err>
</testsuite>
