<?xml version="1.0" encoding="UTF-8"?>
<testsuite name="com.swany.api.springboot.domain.PostsRepositoryTest" tests="2" skipped="0" failures="0" errors="0" timestamp="2020-05-16T14:16:30" hostname="DESKTOP-59IA8D8" time="0.528">
  <properties/>
  <testcase name="게시글저장_불러오기" classname="com.swany.api.springboot.domain.PostsRepositoryTest" time="0.516"/>
  <testcase name="BaseTimeEntity_등록" classname="com.swany.api.springboot.domain.PostsRepositoryTest" time="0.011"/>
  <system-out><![CDATA[23:16:15.097 [Test worker] DEBUG org.springframework.test.context.junit4.SpringJUnit4ClassRunner - SpringJUnit4ClassRunner constructor called with [class com.swany.api.springboot.domain.PostsRepositoryTest]
23:16:15.111 [Test worker] DEBUG org.springframework.test.context.BootstrapUtils - Instantiating CacheAwareContextLoaderDelegate from class [org.springframework.test.context.cache.DefaultCacheAwareContextLoaderDelegate]
23:16:15.146 [Test worker] DEBUG org.springframework.test.context.BootstrapUtils - Instantiating BootstrapContext using constructor [public org.springframework.test.context.support.DefaultBootstrapContext(java.lang.Class,org.springframework.test.context.CacheAwareContextLoaderDelegate)]
23:16:15.197 [Test worker] DEBUG org.springframework.test.context.BootstrapUtils - Instantiating TestContextBootstrapper for test class [com.swany.api.springboot.domain.PostsRepositoryTest] from class [org.springframework.boot.test.context.SpringBootTestContextBootstrapper]
23:16:15.233 [Test worker] INFO org.springframework.boot.test.context.SpringBootTestContextBootstrapper - Neither @ContextConfiguration nor @ContextHierarchy found for test class [com.swany.api.springboot.domain.PostsRepositoryTest], using SpringBootContextLoader
23:16:15.241 [Test worker] DEBUG org.springframework.test.context.support.AbstractContextLoader - Did not detect default resource location for test class [com.swany.api.springboot.domain.PostsRepositoryTest]: class path resource [com/swany/api/springboot/domain/PostsRepositoryTest-context.xml] does not exist
23:16:15.241 [Test worker] DEBUG org.springframework.test.context.support.AbstractContextLoader - Did not detect default resource location for test class [com.swany.api.springboot.domain.PostsRepositoryTest]: class path resource [com/swany/api/springboot/domain/PostsRepositoryTestContext.groovy] does not exist
23:16:15.241 [Test worker] INFO org.springframework.test.context.support.AbstractContextLoader - Could not detect default resource locations for test class [com.swany.api.springboot.domain.PostsRepositoryTest]: no resource found for suffixes {-context.xml, Context.groovy}.
23:16:15.242 [Test worker] INFO org.springframework.test.context.support.AnnotationConfigContextLoaderUtils - Could not detect default configuration classes for test class [com.swany.api.springboot.domain.PostsRepositoryTest]: PostsRepositoryTest does not declare any static, non-private, non-final, nested classes annotated with @Configuration.
23:16:15.345 [Test worker] DEBUG org.springframework.test.context.support.ActiveProfilesUtils - Could not find an 'annotation declaring class' for annotation type [org.springframework.test.context.ActiveProfiles] and class [com.swany.api.springboot.domain.PostsRepositoryTest]
23:16:15.534 [Test worker] DEBUG org.springframework.context.annotation.ClassPathScanningCandidateComponentProvider - Identified candidate component class: file [C:\Users\Jeon_Jeong_Chan\IdeaProjects\com.swany.api\build\classes\java\main\com\swany\api\springboot\Application.class]
23:16:15.536 [Test worker] INFO org.springframework.boot.test.context.SpringBootTestContextBootstrapper - Found @SpringBootConfiguration com.swany.api.springboot.Application for test class com.swany.api.springboot.domain.PostsRepositoryTest
23:16:15.766 [Test worker] DEBUG org.springframework.boot.test.context.SpringBootTestContextBootstrapper - @TestExecutionListeners is not present for class [com.swany.api.springboot.domain.PostsRepositoryTest]: using defaults.
23:16:15.769 [Test worker] INFO org.springframework.boot.test.context.SpringBootTestContextBootstrapper - Loaded default TestExecutionListener class names from location [META-INF/spring.factories]: [org.springframework.security.test.context.support.WithSecurityContextTestExecutionListener, org.springframework.security.test.context.support.ReactorContextTestExecutionListener, org.springframework.boot.test.autoconfigure.restdocs.RestDocsTestExecutionListener, org.springframework.boot.test.autoconfigure.web.client.MockRestServiceServerResetTestExecutionListener, org.springframework.boot.test.autoconfigure.web.servlet.MockMvcPrintOnlyOnFailureTestExecutionListener, org.springframework.boot.test.autoconfigure.web.servlet.WebDriverTestExecutionListener, org.springframework.boot.test.mock.mockito.MockitoTestExecutionListener, org.springframework.boot.test.mock.mockito.ResetMocksTestExecutionListener, org.springframework.test.context.web.ServletTestExecutionListener, org.springframework.test.context.support.DirtiesContextBeforeModesTestExecutionListener, org.springframework.test.context.support.DependencyInjectionTestExecutionListener, org.springframework.test.context.support.DirtiesContextTestExecutionListener, org.springframework.test.context.transaction.TransactionalTestExecutionListener, org.springframework.test.context.jdbc.SqlScriptsTestExecutionListener]
23:16:15.817 [Test worker] INFO org.springframework.boot.test.context.SpringBootTestContextBootstrapper - Using TestExecutionListeners: [org.springframework.test.context.web.ServletTestExecutionListener@4f92afdc, org.springframework.test.context.support.DirtiesContextBeforeModesTestExecutionListener@295e330e, org.springframework.boot.test.mock.mockito.MockitoTestExecutionListener@16edc0ab, org.springframework.boot.test.autoconfigure.SpringBootDependencyInjectionTestExecutionListener@5d902ec3, org.springframework.test.context.support.DirtiesContextTestExecutionListener@72686e2, org.springframework.test.context.transaction.TransactionalTestExecutionListener@5fb8034b, org.springframework.test.context.jdbc.SqlScriptsTestExecutionListener@2728788f, org.springframework.security.test.context.support.WithSecurityContextTestExecutionListener@7b12ac9f, org.springframework.security.test.context.support.ReactorContextTestExecutionListener@48303489, org.springframework.boot.test.autoconfigure.restdocs.RestDocsTestExecutionListener@570dd49f, org.springframework.boot.test.autoconfigure.web.client.MockRestServiceServerResetTestExecutionListener@338532f1, org.springframework.boot.test.autoconfigure.web.servlet.MockMvcPrintOnlyOnFailureTestExecutionListener@5d9d164a, org.springframework.boot.test.autoconfigure.web.servlet.WebDriverTestExecutionListener@1440f50c, org.springframework.boot.test.mock.mockito.ResetMocksTestExecutionListener@2dd07237]
23:16:15.824 [Test worker] DEBUG org.springframework.test.annotation.ProfileValueUtils - Retrieved @ProfileValueSourceConfiguration [null] for test class [com.swany.api.springboot.domain.PostsRepositoryTest]
23:16:15.825 [Test worker] DEBUG org.springframework.test.annotation.ProfileValueUtils - Retrieved ProfileValueSource type [class org.springframework.test.annotation.SystemProfileValueSource] for class [com.swany.api.springboot.domain.PostsRepositoryTest]
23:16:15.827 [Test worker] DEBUG org.springframework.test.annotation.ProfileValueUtils - Retrieved @ProfileValueSourceConfiguration [null] for test class [com.swany.api.springboot.domain.PostsRepositoryTest]
23:16:15.827 [Test worker] DEBUG org.springframework.test.annotation.ProfileValueUtils - Retrieved ProfileValueSource type [class org.springframework.test.annotation.SystemProfileValueSource] for class [com.swany.api.springboot.domain.PostsRepositoryTest]
23:16:15.840 [Test worker] DEBUG org.springframework.test.context.support.AbstractDirtiesContextTestExecutionListener - Before test class: context [DefaultTestContext@5e3f95cd testClass = PostsRepositoryTest, testInstance = [null], testMethod = [null], testException = [null], mergedContextConfiguration = [WebMergedContextConfiguration@108ea357 testClass = PostsRepositoryTest, locations = '{}', classes = '{class com.swany.api.springboot.Application}', contextInitializerClasses = '[]', activeProfiles = '{}', propertySourceLocations = '{}', propertySourceProperties = '{org.springframework.boot.test.context.SpringBootTestContextBootstrapper=true}', contextCustomizers = set[org.springframework.boot.test.autoconfigure.properties.PropertyMappingContextCustomizer@0, org.springframework.boot.test.autoconfigure.web.servlet.WebDriverContextCustomizerFactory$Customizer@5d8bd849, org.springframework.boot.test.context.filter.ExcludeFilterContextCustomizer@372c674f, org.springframework.boot.test.json.DuplicateJsonObjectContextCustomizerFactory$DuplicateJsonObjectContextCustomizer@45f40eb4, org.springframework.boot.test.mock.mockito.MockitoContextCustomizer@0, org.springframework.boot.test.web.client.TestRestTemplateContextCustomizer@5cfa8e1], resourceBasePath = 'src/main/webapp', contextLoader = 'org.springframework.boot.test.context.SpringBootContextLoader', parent = [null]], attributes = map['org.springframework.test.context.web.ServletTestExecutionListener.activateListener' -> true]], class annotated with @DirtiesContext [false] with mode [null].
23:16:15.840 [Test worker] DEBUG org.springframework.test.annotation.ProfileValueUtils - Retrieved @ProfileValueSourceConfiguration [null] for test class [com.swany.api.springboot.domain.PostsRepositoryTest]
23:16:15.841 [Test worker] DEBUG org.springframework.test.annotation.ProfileValueUtils - Retrieved ProfileValueSource type [class org.springframework.test.annotation.SystemProfileValueSource] for class [com.swany.api.springboot.domain.PostsRepositoryTest]
23:16:15.895 [Test worker] DEBUG org.springframework.test.context.support.TestPropertySourceUtils - Adding inlined properties to environment: {spring.jmx.enabled=false, org.springframework.boot.test.context.SpringBootTestContextBootstrapper=true, server.port=-1}

  .   ____          _            __ _ _
 /\\ / ___'_ __ _ _(_)_ __  __ _ \ \ \ \
( ( )\___ | '_ | '_| | '_ \/ _` | \ \ \ \
 \\/  ___)| |_)| | | | | || (_| |  ) ) ) )
  '  |____| .__|_| |_|_| |_\__, | / / / /
 =========|_|==============|___/=/_/_/_/
 :: Spring Boot ::        (v2.1.7.RELEASE)

2020-05-16 23:16:16.432  INFO 16248 --- [    Test worker] c.s.a.s.domain.PostsRepositoryTest       : Starting PostsRepositoryTest on DESKTOP-59IA8D8 with PID 16248 (started by Jeon_Jeong_Chan in C:\Users\Jeon_Jeong_Chan\IdeaProjects\com.swany.api)
2020-05-16 23:16:16.435  INFO 16248 --- [    Test worker] c.s.a.s.domain.PostsRepositoryTest       : No active profile set, falling back to default profiles: default
2020-05-16 23:16:18.715  INFO 16248 --- [    Test worker] .s.d.r.c.RepositoryConfigurationDelegate : Bootstrapping Spring Data repositories in DEFAULT mode.
2020-05-16 23:16:18.895  INFO 16248 --- [    Test worker] .s.d.r.c.RepositoryConfigurationDelegate : Finished Spring Data repository scanning in 153ms. Found 2 repository interfaces.
2020-05-16 23:16:19.912  INFO 16248 --- [    Test worker] trationDelegate$BeanPostProcessorChecker : Bean 'org.springframework.transaction.annotation.ProxyTransactionManagementConfiguration' of type [org.springframework.transaction.annotation.ProxyTransactionManagementConfiguration$$EnhancerBySpringCGLIB$$18dd8878] is not eligible for getting processed by all BeanPostProcessors (for example: not eligible for auto-proxying)
2020-05-16 23:16:20.510  INFO 16248 --- [    Test worker] com.zaxxer.hikari.HikariDataSource       : HikariPool-1 - Starting...
2020-05-16 23:16:20.865  INFO 16248 --- [    Test worker] com.zaxxer.hikari.HikariDataSource       : HikariPool-1 - Start completed.
2020-05-16 23:16:21.054  INFO 16248 --- [    Test worker] o.hibernate.jpa.internal.util.LogHelper  : HHH000204: Processing PersistenceUnitInfo [
	name: default
	...]
2020-05-16 23:16:21.237  INFO 16248 --- [    Test worker] org.hibernate.Version                    : HHH000412: Hibernate Core {5.3.10.Final}
2020-05-16 23:16:21.240  INFO 16248 --- [    Test worker] org.hibernate.cfg.Environment            : HHH000206: hibernate.properties not found
2020-05-16 23:16:21.669  INFO 16248 --- [    Test worker] o.hibernate.annotations.common.Version   : HCANN000001: Hibernate Commons Annotations {5.0.4.Final}
2020-05-16 23:16:22.043  INFO 16248 --- [    Test worker] org.hibernate.dialect.Dialect            : HHH000400: Using dialect: org.hibernate.dialect.MySQL5InnoDBDialect
Hibernate: drop table if exists posts
Hibernate: drop table if exists user
Hibernate: create table posts (id bigint not null auto_increment, created_date datetime, modified_date datetime, author varchar(255), content TEXT not null, title varchar(500) not null, primary key (id)) engine=InnoDB
Hibernate: create table user (id bigint not null auto_increment, created_date datetime, modified_date datetime, email varchar(255) not null, name varchar(255) not null, picture varchar(255), role varchar(255) not null, primary key (id)) engine=InnoDB
2020-05-16 23:16:23.794  INFO 16248 --- [    Test worker] o.h.t.schema.internal.SchemaCreatorImpl  : HHH000476: Executing import script 'org.hibernate.tool.schema.internal.exec.ScriptSourceInputNonExistentImpl@17081386'
2020-05-16 23:16:23.800  INFO 16248 --- [    Test worker] j.LocalContainerEntityManagerFactoryBean : Initialized JPA EntityManagerFactory for persistence unit 'default'
2020-05-16 23:16:25.275  INFO 16248 --- [    Test worker] o.h.h.i.QueryTranslatorFactoryInitiator  : HHH000397: Using ASTQueryTranslatorFactory
2020-05-16 23:16:26.811  INFO 16248 --- [    Test worker] o.s.s.web.DefaultSecurityFilterChain     : Creating filter chain: any request, [org.springframework.security.web.context.request.async.WebAsyncManagerIntegrationFilter@6d1ca6d7, org.springframework.security.web.context.SecurityContextPersistenceFilter@2a603698, org.springframework.security.web.header.HeaderWriterFilter@26446bbe, org.springframework.security.web.authentication.logout.LogoutFilter@949f219, org.springframework.security.oauth2.client.web.OAuth2AuthorizationRequestRedirectFilter@79a409ef, org.springframework.security.oauth2.client.web.OAuth2LoginAuthenticationFilter@2a6a5965, org.springframework.security.web.authentication.ui.DefaultLoginPageGeneratingFilter@3b3eb8b3, org.springframework.security.web.authentication.ui.DefaultLogoutPageGeneratingFilter@1cc7e10c, org.springframework.security.web.savedrequest.RequestCacheAwareFilter@6b133086, org.springframework.security.web.servletapi.SecurityContextHolderAwareRequestFilter@75d2ad3c, org.springframework.security.web.authentication.AnonymousAuthenticationFilter@5c09f202, org.springframework.security.web.session.SessionManagementFilter@4d57ffb5, org.springframework.security.web.access.ExceptionTranslationFilter@5ac61427, org.springframework.security.web.access.intercept.FilterSecurityInterceptor@ea0aa30]
2020-05-16 23:16:28.434  INFO 16248 --- [    Test worker] o.s.s.concurrent.ThreadPoolTaskExecutor  : Initializing ExecutorService 'applicationTaskExecutor'
2020-05-16 23:16:28.669  WARN 16248 --- [    Test worker] aWebConfiguration$JpaWebMvcConfiguration : spring.jpa.open-in-view is enabled by default. Therefore, database queries may be performed during view rendering. Explicitly configure spring.jpa.open-in-view to disable this warning
2020-05-16 23:16:28.801  INFO 16248 --- [    Test worker] o.s.b.a.w.s.WelcomePageHandlerMapping    : Adding welcome page template: index
2020-05-16 23:16:30.369  INFO 16248 --- [    Test worker] s.a.ScheduledAnnotationBeanPostProcessor : No TaskScheduler/ScheduledExecutorService bean found for scheduled processing
2020-05-16 23:16:30.400  INFO 16248 --- [    Test worker] c.s.a.s.domain.PostsRepositoryTest       : Started PostsRepositoryTest in 14.488 seconds (JVM running for 17.475)
Hibernate: insert into posts (created_date, modified_date, author, content, title) values (?, ?, ?, ?, ?)
Hibernate: select posts0_.id as id1_0_, posts0_.created_date as created_2_0_, posts0_.modified_date as modified3_0_, posts0_.author as author4_0_, posts0_.content as content5_0_, posts0_.title as title6_0_ from posts posts0_
Hibernate: select posts0_.id as id1_0_, posts0_.created_date as created_2_0_, posts0_.modified_date as modified3_0_, posts0_.author as author4_0_, posts0_.content as content5_0_, posts0_.title as title6_0_ from posts posts0_
Hibernate: delete from posts where id=?
Hibernate: insert into posts (created_date, modified_date, author, content, title) values (?, ?, ?, ?, ?)
Hibernate: select posts0_.id as id1_0_, posts0_.created_date as created_2_0_, posts0_.modified_date as modified3_0_, posts0_.author as author4_0_, posts0_.content as content5_0_, posts0_.title as title6_0_ from posts posts0_
>>>>>>>>>> createDate=2020-05-16T23:16:30.958, modifiedDate=2020-05-16T23:16:30.958
Hibernate: select posts0_.id as id1_0_, posts0_.created_date as created_2_0_, posts0_.modified_date as modified3_0_, posts0_.author as author4_0_, posts0_.content as content5_0_, posts0_.title as title6_0_ from posts posts0_
Hibernate: delete from posts where id=?
]]></system-out>
  <system-err><![CDATA[]]></system-err>
</testsuite>
